2019-12-06 17:52:50,832 - Log4JLogChute initialized using file 'velocity.log'
2019-12-06 17:52:50,832 - Initializing Velocity, Calling init()...
2019-12-06 17:52:50,833 - Starting Apache Velocity v1.7 (compiled: 2010-11-19 12:14:37)
2019-12-06 17:52:50,833 - Default Properties File: org\apache\velocity\runtime\defaults\velocity.properties
2019-12-06 17:52:50,833 - Trying to use logger class org.apache.velocity.runtime.log.AvalonLogChute
2019-12-06 17:52:50,833 - Target log system for org.apache.velocity.runtime.log.AvalonLogChute is not available (java.lang.NoClassDefFoundError: org/apache/log/format/Formatter).  Falling back to next log system...
2019-12-06 17:52:50,833 - Trying to use logger class org.apache.velocity.runtime.log.Log4JLogChute
2019-12-06 17:52:50,833 - Using logger class org.apache.velocity.runtime.log.Log4JLogChute
2019-12-06 17:52:50,837 - ResourceLoader instantiated: org.apache.velocity.runtime.resource.loader.ClasspathResourceLoader
2019-12-06 17:52:50,861 - ResourceCache: initialized (class org.apache.velocity.runtime.resource.ResourceCacheImpl) with class java.util.Collections$SynchronizedMap cache map.
2019-12-06 17:52:50,862 - Loaded System Directive: org.apache.velocity.runtime.directive.Stop
2019-12-06 17:52:50,863 - Loaded System Directive: org.apache.velocity.runtime.directive.Define
2019-12-06 17:52:50,864 - Loaded System Directive: org.apache.velocity.runtime.directive.Break
2019-12-06 17:52:50,865 - Loaded System Directive: org.apache.velocity.runtime.directive.Evaluate
2019-12-06 17:52:50,866 - Loaded System Directive: org.apache.velocity.runtime.directive.Literal
2019-12-06 17:52:50,867 - Loaded System Directive: org.apache.velocity.runtime.directive.Macro
2019-12-06 17:52:50,868 - Loaded System Directive: org.apache.velocity.runtime.directive.Parse
2019-12-06 17:52:50,869 - Loaded System Directive: org.apache.velocity.runtime.directive.Include
2019-12-06 17:52:50,870 - Loaded System Directive: org.apache.velocity.runtime.directive.Foreach
2019-12-06 17:52:50,898 - Created '20' parsers.
2019-12-06 17:52:50,903 - Velocimacro : "velocimacro.library" is not set.  Trying default library: VM_global_library.vm
2019-12-06 17:52:50,903 - Could not load resource 'VM_global_library.vm' from ResourceLoader org.apache.velocity.runtime.resource.loader.ClasspathResourceLoader: ClasspathResourceLoader Error: cannot find resource VM_global_library.vm
2019-12-06 17:52:50,903 - Velocimacro : Default library not found.
2019-12-06 17:52:50,903 - Velocimacro : allowInline = true : VMs can be defined inline in templates
2019-12-06 17:52:50,903 - Velocimacro : allowInlineToOverride = false : VMs defined inline may NOT replace previous VM definitions
2019-12-06 17:52:50,903 - Velocimacro : allowInlineLocal = false : VMs defined inline will be global in scope if allowed.
2019-12-06 17:52:50,903 - Velocimacro : autoload off : VM system will not automatically reload global library macros
2019-12-06 17:52:50,923 - ResourceManager : found /templates/entity.java.vm with loader org.apache.velocity.runtime.resource.loader.ClasspathResourceLoader
2019-12-06 17:52:50,933 - Left side (${versionFieldName}) of '==' operation has null value. If it is a reference, it may not be in the context or its toString() returned null. /templates/entity.java.vm[line 72, column 26]
2019-12-06 17:52:50,933 - Left side (${logicDeleteFieldName}) of '==' operation has null value. If it is a reference, it may not be in the context or its toString() returned null. /templates/entity.java.vm[line 76, column 30]
2019-12-06 17:52:50,933 - Left side (${versionFieldName}) of '==' operation has null value. If it is a reference, it may not be in the context or its toString() returned null. /templates/entity.java.vm[line 72, column 26]
2019-12-06 17:52:50,933 - Left side (${logicDeleteFieldName}) of '==' operation has null value. If it is a reference, it may not be in the context or its toString() returned null. /templates/entity.java.vm[line 76, column 30]
2019-12-06 17:52:50,933 - Left side (${versionFieldName}) of '==' operation has null value. If it is a reference, it may not be in the context or its toString() returned null. /templates/entity.java.vm[line 72, column 26]
2019-12-06 17:52:50,933 - Left side (${logicDeleteFieldName}) of '==' operation has null value. If it is a reference, it may not be in the context or its toString() returned null. /templates/entity.java.vm[line 76, column 30]
2019-12-06 17:52:50,933 - Left side (${versionFieldName}) of '==' operation has null value. If it is a reference, it may not be in the context or its toString() returned null. /templates/entity.java.vm[line 72, column 26]
2019-12-06 17:52:50,933 - Left side (${logicDeleteFieldName}) of '==' operation has null value. If it is a reference, it may not be in the context or its toString() returned null. /templates/entity.java.vm[line 76, column 30]
2019-12-06 17:52:50,933 - Left side (${versionFieldName}) of '==' operation has null value. If it is a reference, it may not be in the context or its toString() returned null. /templates/entity.java.vm[line 72, column 26]
2019-12-06 17:52:50,933 - Left side (${logicDeleteFieldName}) of '==' operation has null value. If it is a reference, it may not be in the context or its toString() returned null. /templates/entity.java.vm[line 76, column 30]
2019-12-06 17:52:50,933 - Left side (${versionFieldName}) of '==' operation has null value. If it is a reference, it may not be in the context or its toString() returned null. /templates/entity.java.vm[line 72, column 26]
2019-12-06 17:52:50,934 - Left side (${logicDeleteFieldName}) of '==' operation has null value. If it is a reference, it may not be in the context or its toString() returned null. /templates/entity.java.vm[line 76, column 30]
2019-12-06 17:52:50,934 - Left side (${versionFieldName}) of '==' operation has null value. If it is a reference, it may not be in the context or its toString() returned null. /templates/entity.java.vm[line 72, column 26]
2019-12-06 17:52:50,934 - Left side (${logicDeleteFieldName}) of '==' operation has null value. If it is a reference, it may not be in the context or its toString() returned null. /templates/entity.java.vm[line 76, column 30]
2019-12-06 17:52:50,934 - Left side (${versionFieldName}) of '==' operation has null value. If it is a reference, it may not be in the context or its toString() returned null. /templates/entity.java.vm[line 72, column 26]
2019-12-06 17:52:50,934 - Left side (${logicDeleteFieldName}) of '==' operation has null value. If it is a reference, it may not be in the context or its toString() returned null. /templates/entity.java.vm[line 76, column 30]
2019-12-06 17:52:50,935 - Left side (${versionFieldName}) of '==' operation has null value. If it is a reference, it may not be in the context or its toString() returned null. /templates/entity.java.vm[line 72, column 26]
2019-12-06 17:52:50,935 - Left side (${logicDeleteFieldName}) of '==' operation has null value. If it is a reference, it may not be in the context or its toString() returned null. /templates/entity.java.vm[line 76, column 30]
2019-12-06 17:52:50,935 - Left side (${versionFieldName}) of '==' operation has null value. If it is a reference, it may not be in the context or its toString() returned null. /templates/entity.java.vm[line 72, column 26]
2019-12-06 17:52:50,935 - Left side (${logicDeleteFieldName}) of '==' operation has null value. If it is a reference, it may not be in the context or its toString() returned null. /templates/entity.java.vm[line 76, column 30]
2019-12-06 17:52:50,935 - Left side (${versionFieldName}) of '==' operation has null value. If it is a reference, it may not be in the context or its toString() returned null. /templates/entity.java.vm[line 72, column 26]
2019-12-06 17:52:50,935 - Left side (${logicDeleteFieldName}) of '==' operation has null value. If it is a reference, it may not be in the context or its toString() returned null. /templates/entity.java.vm[line 76, column 30]
2019-12-06 17:52:50,935 - Left side (${versionFieldName}) of '==' operation has null value. If it is a reference, it may not be in the context or its toString() returned null. /templates/entity.java.vm[line 72, column 26]
2019-12-06 17:52:50,935 - Left side (${logicDeleteFieldName}) of '==' operation has null value. If it is a reference, it may not be in the context or its toString() returned null. /templates/entity.java.vm[line 76, column 30]
2019-12-06 17:52:50,949 - ResourceManager : found /templates/mapper.java.vm with loader org.apache.velocity.runtime.resource.loader.ClasspathResourceLoader
2019-12-06 17:52:50,955 - ResourceManager : found /templates/mapper.xml.vm with loader org.apache.velocity.runtime.resource.loader.ClasspathResourceLoader
2019-12-06 17:52:50,961 - ResourceManager : found /templates/service.java.vm with loader org.apache.velocity.runtime.resource.loader.ClasspathResourceLoader
2019-12-06 17:52:50,966 - ResourceManager : found /templates/serviceImpl.java.vm with loader org.apache.velocity.runtime.resource.loader.ClasspathResourceLoader
2019-12-06 17:52:50,975 - ResourceManager : found /templates/controller.java.vm with loader org.apache.velocity.runtime.resource.loader.ClasspathResourceLoader
